\BOOKMARK [0][-]{chapter*.5}{\376\377\000L\000i\000s\000t\000\040\000o\000f\000\040\000c\000o\000n\000t\000r\000i\000b\000u\000t\000o\000r\000s}{}% 1
\BOOKMARK [1][-]{section*.6}{\376\377\000E\000d\000i\000t\000o\000r\000i\000a\000l\000\040\000b\000o\000a\000r\000d}{chapter*.5}% 2
\BOOKMARK [1][-]{section*.7}{\376\377\000C\000o\000n\000t\000r\000i\000b\000u\000t\000i\000n\000g\000\040\000a\000u\000t\000h\000o\000r\000s}{chapter*.5}% 3
\BOOKMARK [0][-]{chapter.1}{\376\377\000P\000r\000e\000s\000e\000n\000t\000a\000t\000i\000o\000n}{}% 4
\BOOKMARK [1][-]{section.1.1}{\376\377\000H\000o\000w\000\040\000t\000o\000\040\000u\000s\000e\000\040\000t\000h\000i\000s\000\040\000b\000o\000o\000k}{chapter.1}% 5
\BOOKMARK [1][-]{section.1.2}{\376\377\000T\000h\000e\000\040\000F\000Y\000R\000O\000M\000\040\000s\000o\000i\000l\000\040\000d\000a\000t\000a\000b\000a\000s\000e}{chapter.1}% 6
\BOOKMARK [1][-]{section.1.3}{\376\377\000F\000o\000r\000e\000w\000o\000r\000d\000\040\000t\000o\000\040\000t\000h\000e\000\040\000f\000i\000r\000s\000t\000\040\000e\000d\000i\000t\000i\000o\000n}{chapter.1}% 7
\BOOKMARK [1][-]{section.1.4}{\376\377\000F\000o\000r\000e\000w\000o\000r\000d\000\040\000t\000o\000\040\000t\000h\000e\000\040\000s\000e\000c\000o\000n\000d\000\040\000e\000d\000i\000t\000i\000o\000n}{chapter.1}% 8
\BOOKMARK [0][-]{chapter.2}{\376\377\000S\000o\000i\000l\000\040\000p\000r\000o\000p\000e\000r\000t\000y\000\040\000m\000a\000p\000s}{}% 9
\BOOKMARK [1][-]{section.2.1}{\376\377\000D\000e\000f\000i\000n\000i\000t\000i\000o\000n\000s\000\040\000a\000n\000d\000\040\000o\000b\000j\000e\000c\000t\000i\000v\000e\000s}{chapter.2}% 10
\BOOKMARK [1][-]{section.2.2}{\376\377\000G\000e\000n\000e\000r\000i\000c\000\040\000m\000a\000p\000p\000i\000n\000g\000\040\000o\000f\000\040\000s\000o\000i\000l\000\040\000g\000r\000i\000d\000s\000:\000\040\000u\000p\000s\000c\000a\000l\000i\000n\000g\000\040\000o\000f\000\040\000p\000l\000o\000t\000-\000L\000e\000v\000e\000l\000\040\000m\000e\000a\000s\000u\000r\000e\000m\000e\000n\000t\000s\000\040\000a\000n\000d\000\040\000e\000s\000t\000i\000m\000a\000t\000e\000s}{chapter.2}% 11
\BOOKMARK [0][-]{chapter.3}{\376\377\000S\000e\000t\000t\000i\000n\000g\000-\000u\000p\000\040\000t\000h\000e\000\040\000s\000o\000f\000t\000w\000a\000r\000e\000\040\000e\000n\000v\000i\000r\000o\000n\000m\000e\000n\000t}{}% 12
\BOOKMARK [1][-]{section.3.1}{\376\377\000U\000s\000e\000\040\000o\000f\000\040\000R\000,\000\040\000R\000S\000t\000u\000d\000i\000o\000\040\000a\000n\000d\000\040\000R\000\040\000P\000a\000c\000k\000a\000g\000e\000s}{chapter.3}% 13
\BOOKMARK [2][-]{subsection.3.1.1}{\376\377\000O\000b\000t\000a\000i\000n\000i\000n\000g\000\040\000a\000n\000d\000\040\000i\000n\000s\000t\000a\000l\000l\000i\000n\000g\000\040\000R}{section.3.1}% 14
\BOOKMARK [2][-]{subsection.3.1.2}{\376\377\000O\000b\000t\000a\000i\000n\000i\000n\000g\000\040\000a\000n\000d\000\040\000i\000n\000s\000t\000a\000l\000l\000i\000n\000g\000\040\000R\000S\000t\000u\000d\000i\000o}{section.3.1}% 15
\BOOKMARK [2][-]{subsection.3.1.3}{\376\377\000G\000e\000t\000t\000i\000n\000g\000\040\000s\000t\000a\000r\000t\000e\000d\000\040\000w\000i\000t\000h\000\040\000R}{section.3.1}% 16
\BOOKMARK [1][-]{section.3.2}{\376\377\000R\000\040\000p\000a\000c\000k\000a\000g\000e\000s}{chapter.3}% 17
\BOOKMARK [2][-]{subsection.3.2.1}{\376\377\000F\000i\000n\000d\000i\000n\000g\000\040\000R\000\040\000p\000a\000c\000k\000a\000g\000e\000s}{section.3.2}% 18
\BOOKMARK [2][-]{subsection.3.2.2}{\376\377\000M\000o\000s\000t\000\040\000u\000s\000e\000d\000\040\000R\000\040\000p\000a\000c\000k\000a\000g\000e\000s\000\040\000f\000o\000r\000\040\000d\000i\000g\000i\000t\000a\000l\000\040\000s\000o\000i\000l\000\040\000m\000a\000p\000p\000i\000n\000g}{section.3.2}% 19
\BOOKMARK [2][-]{subsection.3.2.3}{\376\377\000P\000a\000c\000k\000a\000g\000e\000s\000\040\000u\000s\000e\000d\000\040\000i\000n\000\040\000t\000h\000i\000s\000\040\000c\000o\000o\000k\000b\000o\000o\000k}{section.3.2}% 20
\BOOKMARK [1][-]{section.3.3}{\376\377\000R\000\040\000a\000n\000d\000\040\000s\000p\000a\000t\000i\000a\000l\000\040\000d\000a\000t\000a}{chapter.3}% 21
\BOOKMARK [2][-]{subsection.3.3.1}{\376\377\000R\000e\000a\000d\000i\000n\000g\000\040\000s\000h\000a\000p\000e\000f\000i\000l\000e\000s}{section.3.3}% 22
\BOOKMARK [2][-]{subsection.3.3.2}{\376\377\000C\000o\000o\000r\000d\000i\000n\000a\000t\000e\000\040\000r\000e\000f\000e\000r\000e\000n\000c\000e\000\040\000s\000y\000s\000t\000e\000m\000s\000\040\000i\000n\000\040\000R}{section.3.3}% 23
\BOOKMARK [2][-]{subsection.3.3.3}{\376\377\000W\000o\000r\000k\000i\000n\000g\000\040\000w\000i\000t\000h\000\040\000r\000a\000s\000t\000e\000r\000s}{section.3.3}% 24
\BOOKMARK [1][-]{section.3.4}{\376\377\000O\000t\000h\000e\000r\000\040\000D\000S\000M\000-\000r\000e\000l\000a\000t\000e\000d\000\040\000s\000o\000f\000t\000w\000a\000r\000e\000\040\000a\000n\000d\000\040\000t\000o\000o\000l\000s}{chapter.3}% 25
\BOOKMARK [0][-]{chapter.4}{\376\377\000P\000r\000e\000p\000a\000r\000a\000t\000i\000o\000n\000\040\000o\000f\000\040\000l\000o\000c\000a\000l\000\040\000s\000o\000i\000l\000\040\000d\000a\000t\000a}{}% 26
\BOOKMARK [1][-]{section.4.1}{\376\377\000S\000o\000i\000l\000\040\000p\000r\000o\000f\000i\000l\000e\000s\000\040\000a\000n\000d\000\040\000s\000o\000i\000l\000\040\000a\000u\000g\000e\000r\000s}{chapter.4}% 27
\BOOKMARK [1][-]{section.4.2}{\376\377\000S\000o\000i\000l\000\040\000d\000a\000t\000a\000b\000a\000s\000e}{chapter.4}% 28
\BOOKMARK [2][-]{subsection.4.2.1}{\376\377\000T\000y\000p\000e\000\040\000o\000f\000\040\000s\000o\000i\000l\000\040\000d\000a\000t\000a\000b\000a\000s\000e}{section.4.2}% 29
\BOOKMARK [2][-]{subsection.4.2.2}{\376\377\000T\000e\000c\000h\000n\000i\000c\000a\000l\000\040\000s\000t\000e\000p\000s\000\040\040\023\000\040\000L\000o\000a\000d\000i\000n\000g\000\040\000s\000o\000i\000l\000\040\000d\000a\000t\000a\000\040\000f\000r\000o\000m\000\040\000t\000a\000b\000l\000e\000s\000\040\000i\000n\000\040\000R}{section.4.2}% 30
\BOOKMARK [1][-]{section.4.3}{\376\377\000C\000o\000m\000p\000l\000e\000t\000e\000n\000e\000s\000s\000\040\000o\000f\000\040\000m\000e\000a\000s\000u\000r\000e\000m\000e\000n\000t\000s\000\040\000a\000n\000d\000\040\000e\000s\000t\000i\000m\000a\000t\000e\000s}{chapter.4}% 31
\BOOKMARK [2][-]{subsection.4.3.1}{\376\377\000S\000t\000o\000n\000e\000s}{section.4.3}% 32
\BOOKMARK [2][-]{subsection.4.3.2}{\376\377\000B\000u\000l\000k\000\040\000d\000e\000n\000s\000i\000t\000y}{section.4.3}% 33
\BOOKMARK [2][-]{subsection.4.3.3}{\376\377\000S\000o\000i\000l\000\040\000c\000a\000r\000b\000o\000n\000\040\000a\000n\000a\000l\000y\000s\000i\000s}{section.4.3}% 34
\BOOKMARK [2][-]{subsection.4.3.4}{\376\377\000C\000a\000r\000b\000o\000n\000a\000t\000e\000s}{section.4.3}% 35
\BOOKMARK [2][-]{subsection.4.3.5}{\376\377\000D\000e\000p\000t\000h}{section.4.3}% 36
\BOOKMARK [1][-]{section.4.4}{\376\377\000S\000o\000i\000l\000\040\000d\000e\000p\000t\000h\000\040\000e\000s\000t\000i\000m\000a\000t\000e}{chapter.4}% 37
\BOOKMARK [2][-]{subsection.4.4.1}{\376\377\000C\000o\000m\000p\000l\000e\000t\000e\000n\000e\000s\000s\000\040\000o\000f\000\040\000d\000e\000p\000t\000h\000\040\000e\000s\000t\000i\000m\000a\000t\000e}{section.4.4}% 38
\BOOKMARK [2][-]{subsection.4.4.2}{\376\377\000T\000e\000c\000h\000n\000i\000c\000a\000l\000\040\000s\000t\000e\000p\000s\000\040\000-\000\040\000E\000q\000u\000a\000l\000-\000a\000r\000e\000a\000\040\000s\000p\000l\000i\000n\000e\000s\000\040\000u\000s\000i\000n\000g\000\040\000R}{section.4.4}% 39
\BOOKMARK [0][-]{chapter.5}{\376\377\000P\000r\000e\000p\000a\000r\000a\000t\000i\000o\000n\000\040\000o\000f\000\040\000s\000p\000a\000t\000i\000a\000l\000\040\000c\000o\000v\000a\000r\000i\000a\000t\000e\000s}{}% 40
\BOOKMARK [1][-]{section.5.1}{\376\377\000D\000E\000M\000-\000d\000e\000r\000i\000v\000e\000d\000\040\000c\000o\000v\000a\000r\000i\000a\000t\000e\000s}{chapter.5}% 41
\BOOKMARK [1][-]{section.5.2}{\376\377\000P\000a\000r\000e\000n\000t\000\040\000m\000a\000t\000e\000r\000i\000a\000l}{chapter.5}% 42
\BOOKMARK [1][-]{section.5.3}{\376\377\000S\000o\000i\000l\000\040\000m\000a\000p\000s}{chapter.5}% 43
\BOOKMARK [2][-]{subsection.5.3.1}{\376\377\000G\000l\000o\000b\000a\000l\000\040\000H\000W\000S\000D\000\040\000s\000o\000i\000l\000\040\000p\000r\000o\000p\000e\000r\000t\000y\000\040\000m\000a\000p\000s}{section.5.3}% 44
\BOOKMARK [2][-]{subsection.5.3.2}{\376\377\000T\000e\000c\000h\000n\000i\000c\000a\000l\000\040\000s\000t\000e\000p\000s\000\040\000-\000\040\000R\000a\000s\000t\000e\000r\000i\000z\000i\000n\000g\000\040\000a\000\040\000v\000e\000c\000t\000o\000r\000\040\000l\000a\000y\000e\000r\000\040\000i\000n\000\040\000R}{section.5.3}% 45
\BOOKMARK [1][-]{section.5.4}{\376\377\000L\000a\000n\000d\000\040\000c\000o\000v\000e\000r\000\040\000a\000n\000d\000\040\000l\000a\000n\000d\000\040\000u\000s\000e}{chapter.5}% 46
\BOOKMARK [2][-]{subsection.5.4.1}{\376\377\000G\000l\000o\000b\000C\000o\000v\000e\000r\000\040\000\050\000G\000l\000o\000b\000a\000l\000\051}{section.5.4}% 47
\BOOKMARK [2][-]{subsection.5.4.2}{\376\377\000L\000a\000n\000d\000s\000a\000t\000\040\000G\000e\000o\000C\000o\000v\000e\000r\000\040\000\050\000G\000l\000o\000b\000a\000l\000\051}{section.5.4}% 48
\BOOKMARK [2][-]{subsection.5.4.3}{\376\377\000G\000l\000o\000b\000e\000L\000a\000n\000d\0003\0000\000\040\000\050\000G\000l\000o\000b\000a\000l\000\051}{section.5.4}% 49
\BOOKMARK [2][-]{subsection.5.4.4}{\376\377\000C\000O\000R\000I\000N\000E\000\040\000l\000a\000n\000d\000\040\000c\000o\000v\000e\000r\000\040\000\050\000E\000u\000r\000o\000p\000e\000\040\000o\000n\000l\000y\000\051}{section.5.4}% 50
\BOOKMARK [1][-]{section.5.5}{\376\377\000C\000l\000i\000m\000a\000t\000e}{chapter.5}% 51
\BOOKMARK [2][-]{subsection.5.5.1}{\376\377\000W\000o\000r\000l\000d\000C\000l\000i\000m\000\040\000V\0001\000.\0004\000\040\000a\000n\000d\000\040\000V\0002\000\040\000\050\000G\000l\000o\000b\000a\000l\000\051}{section.5.5}% 52
\BOOKMARK [2][-]{subsection.5.5.2}{\376\377\000G\000r\000i\000d\000d\000e\000d\000\040\000a\000g\000r\000o\000-\000m\000e\000t\000e\000o\000r\000o\000l\000o\000g\000i\000c\000a\000l\000\040\000d\000a\000t\000a\000\040\000i\000n\000\040\000E\000u\000r\000o\000p\000e\000\040\000\050\000E\000u\000r\000o\000p\000e\000\051}{section.5.5}% 53
\BOOKMARK [1][-]{section.5.6}{\376\377\000G\000S\000O\000C\000M\000a\000p\000\040\000-\000\040\000d\000a\000t\000a\000\040\000r\000e\000p\000o\000s\000i\000t\000o\000r\000y\000\040\000\050\000I\000S\000R\000I\000C\000,\000\040\0002\0000\0001\0007\000\051}{chapter.5}% 54
\BOOKMARK [2][-]{subsection.5.6.1}{\376\377\000C\000o\000v\000a\000r\000i\000a\000t\000e\000s\000\040\000a\000n\000d\000\040\000e\000m\000p\000t\000y\000\040\000m\000a\000s\000k}{section.5.6}% 55
\BOOKMARK [2][-]{subsection.5.6.2}{\376\377\000D\000a\000t\000a\000\040\000s\000p\000e\000c\000i\000f\000i\000c\000a\000t\000i\000o\000n\000s}{section.5.6}% 56
\BOOKMARK [2][-]{subsection.5.6.3}{\376\377\000D\000a\000t\000a\000\040\000a\000c\000c\000e\000s\000s}{section.5.6}% 57
\BOOKMARK [1][-]{section.5.7}{\376\377\000E\000x\000t\000e\000n\000d\000i\000n\000g\000\040\000t\000h\000e\000\040\000s\000o\000i\000l\000\040\000p\000r\000o\000p\000e\000r\000t\000y\000\040\000t\000a\000b\000l\000e\000\040\000f\000o\000r\000\040\000s\000p\000a\000t\000i\000a\000l\000\040\000s\000t\000a\000t\000i\000s\000t\000i\000c\000s}{chapter.5}% 58
\BOOKMARK [1][-]{section.5.8}{\376\377\000P\000r\000e\000p\000a\000r\000a\000t\000i\000o\000n\000\040\000o\000f\000\040\000a\000\040\000s\000o\000i\000l\000\040\000p\000r\000o\000p\000e\000r\000t\000y\000\040\000t\000a\000b\000l\000e\000\040\000f\000o\000r\000\040\000s\000p\000a\000t\000i\000a\000l\000\040\000s\000t\000a\000t\000i\000s\000t\000i\000c\000s}{chapter.5}% 59
\BOOKMARK [1][-]{section.5.9}{\376\377\000T\000e\000c\000h\000n\000i\000c\000a\000l\000\040\000s\000t\000e\000p\000s\000\040\000-\000\040\000O\000v\000e\000r\000l\000a\000y\000\040\000c\000o\000v\000a\000r\000i\000a\000t\000e\000s\000\040\000a\000n\000d\000\040\000s\000o\000i\000l\000\040\000p\000o\000i\000n\000t\000s\000\040\000d\000a\000t\000a}{chapter.5}% 60
\BOOKMARK [0][-]{chapter.6}{\376\377\000M\000a\000p\000p\000i\000n\000g\000\040\000m\000e\000t\000h\000o\000d\000s}{}% 61
\BOOKMARK [1][-]{section.6.1}{\376\377\000C\000o\000n\000v\000e\000n\000t\000i\000o\000n\000a\000l\000\040\000u\000p\000s\000c\000a\000l\000i\000n\000g\000\040\000u\000s\000i\000n\000g\000\040\000s\000o\000i\000l\000\040\000m\000a\000p\000s}{chapter.6}% 62
\BOOKMARK [2][-]{subsection.6.1.1}{\376\377\000O\000v\000e\000r\000v\000i\000e\000w}{section.6.1}% 63
\BOOKMARK [2][-]{subsection.6.1.2}{\376\377\000D\000i\000v\000e\000r\000s\000i\000t\000y\000\040\000o\000f\000\040\000n\000a\000t\000i\000o\000n\000a\000l\000\040\000s\000o\000i\000l\000\040\000l\000e\000g\000a\000c\000y\000\040\000d\000a\000t\000a\000\040\000s\000e\000t\000s}{section.6.1}% 64
\BOOKMARK [2][-]{subsection.6.1.3}{\376\377\000T\000e\000c\000h\000n\000i\000c\000a\000l\000\040\000s\000t\000e\000p\000s\000\040\000-\000\040\000C\000l\000a\000s\000s\000-\000m\000a\000t\000c\000h\000i\000n\000g}{section.6.1}% 65
\BOOKMARK [2][-]{subsection.6.1.4}{\376\377\000T\000e\000c\000h\000n\000i\000c\000a\000l\000\040\000s\000t\000e\000p\000s\000\040\000-\000\040\000G\000e\000o\000-\000m\000a\000t\000c\000h\000i\000n\000g}{section.6.1}% 66
\BOOKMARK [2][-]{subsection.6.1.5}{\376\377\000T\000e\000c\000h\000n\000i\000c\000a\000l\000\040\000s\000t\000e\000p\000s\000\040\000-\000\040\000G\000e\000o\000-\000m\000a\000t\000c\000h\000i\000n\000g\000\040\000S\000O\000C\000\040\000w\000i\000t\000h\000\040\000W\000R\000B\000\040\000s\000o\000i\000l\000\040\000m\000a\000p\000\040\000i\000n\000\040\000R}{section.6.1}% 67
\BOOKMARK [1][-]{section.6.2}{\376\377\000R\000e\000g\000r\000e\000s\000s\000i\000o\000n\000-\000K\000r\000i\000g\000i\000n\000g}{chapter.6}% 68
\BOOKMARK [2][-]{subsection.6.2.1}{\376\377\000O\000v\000e\000r\000v\000i\000e\000w}{section.6.2}% 69
\BOOKMARK [2][-]{subsection.6.2.2}{\376\377\000A\000s\000s\000u\000m\000p\000t\000i\000o\000n\000s}{section.6.2}% 70
\BOOKMARK [2][-]{subsection.6.2.3}{\376\377\000P\000r\000e\000-\000p\000r\000o\000c\000e\000s\000s\000i\000n\000g\000\040\000o\000f\000\040\000c\000o\000v\000a\000r\000i\000a\000t\000e\000s}{section.6.2}% 71
\BOOKMARK [2][-]{subsection.6.2.4}{\376\377\000T\000h\000e\000\040\000t\000e\000r\000m\000i\000n\000o\000l\000o\000g\000y}{section.6.2}% 72
\BOOKMARK [2][-]{subsection.6.2.5}{\376\377\000I\000n\000t\000e\000r\000p\000r\000e\000t\000\040\000t\000h\000e\000\040\000K\000e\000y\000\040\000R\000e\000s\000u\000l\000t\000s\000\040\000o\000f\000\040\000M\000u\000l\000t\000i\000p\000l\000e\000\040\000R\000e\000g\000r\000e\000s\000s\000i\000o\000n}{section.6.2}% 73
\BOOKMARK [2][-]{subsection.6.2.6}{\376\377\000U\000s\000i\000n\000g\000\040\000t\000h\000e\000\040\000r\000e\000s\000u\000l\000t\000s\000\040\000o\000f\000\040\000a\000\040\000r\000e\000g\000r\000e\000s\000s\000i\000o\000n\000\040\000a\000n\000a\000l\000y\000s\000i\000s\000\040\000t\000o\000\040\000m\000a\000k\000e\000\040\000p\000r\000e\000d\000i\000c\000t\000i\000o\000n\000s}{section.6.2}% 74
\BOOKMARK [2][-]{subsection.6.2.7}{\376\377\000T\000e\000c\000h\000n\000i\000c\000a\000l\000\040\000s\000t\000e\000p\000s\000\040\000-\000\040\000R\000e\000g\000r\000e\000s\000s\000i\000o\000n\000-\000k\000r\000i\000g\000i\000n\000g}{section.6.2}% 75
\BOOKMARK [2][-]{subsection.6.2.8}{\376\377\000T\000e\000c\000h\000n\000i\000c\000a\000l\000\040\000s\000t\000e\000p\000s\000\040\000-\000\040\000C\000r\000o\000s\000s\000-\000v\000a\000l\000i\000d\000a\000t\000i\000o\000n\000\040\000o\000f\000\040\000r\000e\000g\000r\000e\000s\000s\000i\000o\000n\000-\000k\000r\000i\000g\000i\000n\000g\000\040\000m\000o\000d\000e\000l\000s}{section.6.2}% 76
\BOOKMARK [1][-]{section.6.3}{\376\377\000D\000a\000t\000a\000\040\000m\000i\000n\000i\000n\000g\000:\000\040\000r\000a\000n\000d\000o\000m\000\040\000f\000o\000r\000e\000s\000t}{chapter.6}% 77
\BOOKMARK [2][-]{subsection.6.3.1}{\376\377\000O\000v\000e\000r\000v\000i\000e\000w}{section.6.3}% 78
\BOOKMARK [2][-]{subsection.6.3.2}{\376\377\000R\000a\000n\000d\000o\000m\000\040\000f\000o\000r\000e\000s\000t}{section.6.3}% 79
\BOOKMARK [2][-]{subsection.6.3.3}{\376\377\000C\000o\000n\000c\000e\000p\000t\000u\000a\000l\000\040\000m\000o\000d\000e\000l\000\040\000a\000n\000d\000\040\000d\000a\000t\000a\000\040\000p\000r\000e\000p\000a\000r\000a\000t\000i\000o\000n}{section.6.3}% 80
\BOOKMARK [2][-]{subsection.6.3.4}{\376\377\000S\000o\000f\000t\000w\000a\000r\000e}{section.6.3}% 81
\BOOKMARK [2][-]{subsection.6.3.5}{\376\377\000T\000u\000n\000n\000i\000n\000g\000\040\000r\000a\000n\000d\000o\000m\000\040\000f\000o\000r\000e\000s\000t\000\040\000m\000o\000d\000e\000l\000\040\000p\000a\000r\000a\000m\000e\000t\000e\000r\000s}{section.6.3}% 82
\BOOKMARK [2][-]{subsection.6.3.6}{\376\377\000T\000e\000c\000h\000n\000i\000c\000a\000l\000\040\000s\000t\000e\000p\000s\000\040\000-\000\040\000R\000a\000n\000d\000o\000m\000\040\000f\000o\000r\000e\000s\000t}{section.6.3}% 83
\BOOKMARK [2][-]{subsection.6.3.7}{\376\377\000T\000e\000c\000h\000n\000i\000c\000a\000l\000\040\000s\000t\000e\000p\000s\000\040\000-\000\040\000U\000s\000i\000n\000g\000\040\000q\000u\000a\000n\000t\000i\000l\000e\000\040\000r\000e\000g\000r\000e\000s\000s\000i\000o\000n\000\040\000f\000o\000r\000e\000s\000t\000\040\000t\000o\000\040\000e\000s\000t\000i\000m\000a\000t\000e\000\040\000u\000n\000c\000e\000r\000t\000a\000i\000n\000t\000y}{section.6.3}% 84
\BOOKMARK [1][-]{section.6.4}{\376\377\000D\000a\000t\000a\000\040\000m\000i\000n\000i\000n\000g\000:\000\040\000s\000u\000p\000p\000o\000r\000t\000\040\000v\000e\000c\000t\000o\000r\000\040\000m\000a\000c\000h\000i\000n\000e\000s}{chapter.6}% 85
\BOOKMARK [2][-]{subsection.6.4.1}{\376\377\000O\000v\000e\000r\000v\000i\000e\000w}{section.6.4}% 86
\BOOKMARK [2][-]{subsection.6.4.2}{\376\377\000T\000e\000c\000h\000n\000i\000c\000a\000l\000\040\000s\000t\000e\000p\000s\000\040\000-\000\040\000f\000i\000t\000t\000i\000n\000g\000\040\000a\000n\000\040\000S\000V\000M\000\040\000m\000o\000d\000e\000l\000\040\000t\000o\000\040\000p\000r\000e\000d\000i\000c\000t\000\040\000t\000h\000e\000\040\000S\000O\000C}{section.6.4}% 87
\BOOKMARK [0][-]{chapter.7}{\376\377\000V\000a\000l\000i\000d\000a\000t\000i\000o\000n}{}% 88
\BOOKMARK [1][-]{section.7.1}{\376\377\000W\000h\000a\000t\000\040\000i\000s\000\040\000v\000a\000l\000i\000d\000a\000t\000i\000o\000n\000?}{chapter.7}% 89
\BOOKMARK [1][-]{section.7.2}{\376\377\000M\000a\000p\000\040\000q\000u\000a\000l\000i\000t\000y\000\040\000m\000e\000a\000s\000u\000r\000e\000s}{chapter.7}% 90
\BOOKMARK [2][-]{subsection.7.2.1}{\376\377\000Q\000u\000a\000l\000i\000t\000y\000\040\000m\000e\000a\000s\000u\000r\000e\000s\000\040\000f\000o\000r\000\040\000q\000u\000a\000n\000t\000i\000t\000a\000t\000i\000v\000e\000\040\000s\000o\000i\000l\000\040\000m\000a\000p\000s}{section.7.2}% 91
\BOOKMARK [2][-]{subsection.7.2.2}{\376\377\000Q\000u\000a\000l\000i\000t\000y\000\040\000m\000e\000a\000s\000u\000r\000e\000s\000\040\000f\000o\000r\000\040\000q\000u\000a\000l\000i\000t\000a\000t\000i\000v\000e\000\040\000s\000o\000i\000l\000\040\000m\000a\000p\000s}{section.7.2}% 92
\BOOKMARK [2][-]{subsection.7.2.3}{\376\377\000E\000s\000t\000i\000m\000a\000t\000i\000n\000g\000\040\000t\000h\000e\000\040\000m\000a\000p\000\040\000q\000u\000a\000l\000i\000t\000y\000\040\000m\000e\000a\000s\000u\000r\000e\000s\000\040\000a\000n\000d\000\040\000a\000s\000s\000o\000c\000i\000a\000t\000e\000d\000\040\000u\000n\000c\000e\000r\000t\000a\000i\000n\000t\000y}{section.7.2}% 93
\BOOKMARK [1][-]{section.7.3}{\376\377\000G\000r\000a\000p\000h\000i\000c\000a\000l\000\040\000m\000a\000p\000\040\000q\000u\000a\000l\000i\000t\000y\000\040\000m\000e\000a\000s\000u\000r\000e\000s}{chapter.7}% 94
\BOOKMARK [1][-]{section.7.4}{\376\377\000V\000a\000l\000i\000d\000a\000t\000i\000o\000n\000\040\000m\000e\000t\000h\000o\000d\000s\000\040\000a\000n\000d\000\040\000s\000t\000a\000t\000i\000s\000t\000i\000c\000a\000l\000\040\000i\000n\000f\000e\000r\000e\000n\000c\000e}{chapter.7}% 95
\BOOKMARK [2][-]{subsection.7.4.1}{\376\377\000A\000d\000d\000i\000t\000i\000o\000n\000a\000l\000\040\000p\000r\000o\000b\000a\000b\000i\000l\000i\000t\000y\000\040\000s\000a\000m\000p\000l\000i\000n\000g}{section.7.4}% 96
\BOOKMARK [2][-]{subsection.7.4.2}{\376\377\000D\000a\000t\000a\000-\000s\000p\000l\000i\000t\000t\000i\000n\000g}{section.7.4}% 97
\BOOKMARK [2][-]{subsection.7.4.3}{\376\377\000C\000r\000o\000s\000s\000-\000v\000a\000l\000i\000d\000a\000t\000i\000o\000n}{section.7.4}% 98
\BOOKMARK [1][-]{section.7.5}{\376\377\000T\000e\000c\000h\000n\000i\000c\000a\000l\000\040\000s\000t\000e\000p\000s\000\040\000-\000\040\000V\000a\000l\000i\000d\000a\000t\000i\000o\000n}{chapter.7}% 99
\BOOKMARK [1][-]{section.7.6}{\376\377\000T\000e\000c\000h\000n\000i\000c\000a\000l\000\040\000s\000t\000e\000p\000s\000\040\000-\000\040\000D\000a\000t\000a\000-\000s\000p\000l\000i\000t\000t\000i\000n\000g}{chapter.7}% 100
\BOOKMARK [0][-]{chapter.8}{\376\377\000M\000o\000d\000e\000l\000\040\000e\000v\000a\000l\000u\000a\000t\000i\000o\000n\000\040\000i\000n\000\040\000d\000i\000g\000i\000t\000a\000l\000\040\000s\000o\000i\000l\000\040\000m\000a\000p\000p\000i\000n\000g}{}% 101
\BOOKMARK [1][-]{section.8.1}{\376\377\000T\000e\000c\000h\000n\000i\000c\000a\000l\000\040\000s\000t\000e\000p\000s\000\040\000-\000\040\000M\000o\000d\000e\000l\000\040\000c\000o\000r\000r\000e\000l\000a\000t\000i\000o\000n\000s\000\040\000a\000n\000d\000\040\000s\000p\000a\000t\000i\000a\000l\000\040\000d\000i\000f\000f\000e\000r\000e\000n\000c\000e\000s}{chapter.8}% 102
\BOOKMARK [1][-]{section.8.2}{\376\377\000T\000e\000c\000h\000n\000i\000c\000a\000l\000\040\000s\000t\000e\000p\000s\000\040\000-\000\040\000M\000o\000d\000e\000l\000\040\000e\000v\000a\000l\000u\000a\000t\000i\000o\000n}{chapter.8}% 103
\BOOKMARK [0][-]{chapter.9}{\376\377\000U\000n\000c\000e\000r\000t\000a\000i\000n\000t\000y}{}% 104
\BOOKMARK [1][-]{section.9.1}{\376\377\000S\000o\000u\000r\000c\000e\000s\000\040\000o\000f\000\040\000u\000n\000c\000e\000r\000t\000a\000i\000n\000t\000y}{chapter.9}% 105
\BOOKMARK [2][-]{subsection.9.1.1}{\376\377\000A\000t\000t\000r\000i\000b\000u\000t\000e\000\040\000u\000n\000c\000e\000r\000t\000a\000i\000n\000t\000y\000\040\000o\000f\000\040\000s\000o\000i\000l\000\040\000m\000e\000a\000s\000u\000r\000e\000m\000e\000n\000t\000s}{section.9.1}% 106
\BOOKMARK [2][-]{subsection.9.1.2}{\376\377\000P\000o\000s\000i\000t\000i\000o\000n\000a\000l\000\040\000u\000n\000c\000e\000r\000t\000a\000i\000n\000t\000y\000\040\000o\000f\000\040\000s\000o\000i\000l\000\040\000m\000e\000a\000s\000u\000r\000e\000m\000e\000n\000t\000s}{section.9.1}% 107
\BOOKMARK [2][-]{subsection.9.1.3}{\376\377\000U\000n\000c\000e\000r\000t\000a\000i\000n\000t\000y\000\040\000i\000n\000\040\000c\000o\000v\000a\000r\000i\000a\000t\000e\000s}{section.9.1}% 108
\BOOKMARK [2][-]{subsection.9.1.4}{\376\377\000U\000n\000c\000e\000r\000t\000a\000i\000n\000t\000y\000\040\000i\000n\000\040\000m\000o\000d\000e\000l\000s\000\040\000p\000r\000e\000d\000i\000c\000t\000i\000n\000g\000\040\000s\000o\000i\000l\000\040\000p\000r\000o\000p\000e\000r\000t\000i\000e\000s\000\040\000f\000r\000o\000m\000\040\000c\000o\000v\000a\000r\000i\000a\000t\000e\000s\000\040\000a\000n\000d\000\040\000s\000o\000i\000l\000\040\000p\000o\000i\000n\000t\000\040\000d\000a\000t\000a}{section.9.1}% 109
\BOOKMARK [1][-]{section.9.2}{\376\377\000U\000n\000c\000e\000r\000t\000a\000i\000n\000t\000y\000\040\000a\000n\000d\000\040\000s\000p\000a\000t\000i\000a\000l\000\040\000d\000a\000t\000a\000\040\000q\000u\000a\000l\000i\000t\000y}{chapter.9}% 110
\BOOKMARK [1][-]{section.9.3}{\376\377\000Q\000u\000a\000n\000t\000i\000f\000y\000i\000n\000g\000\040\000p\000r\000e\000d\000i\000c\000t\000i\000o\000n\000\040\000u\000n\000c\000e\000r\000t\000a\000i\000n\000t\000y}{chapter.9}% 111
\BOOKMARK [2][-]{subsection.9.3.1}{\376\377\000U\000n\000c\000e\000r\000t\000a\000i\000n\000t\000y\000\040\000c\000h\000a\000r\000a\000c\000t\000e\000r\000i\000s\000e\000d\000\040\000b\000y\000\040\000p\000r\000o\000b\000a\000b\000i\000l\000i\000t\000y\000\040\000d\000i\000s\000t\000r\000i\000b\000u\000t\000i\000o\000n\000s}{section.9.3}% 112
\BOOKMARK [2][-]{subsection.9.3.2}{\376\377\000P\000r\000o\000p\000a\000g\000a\000t\000i\000o\000n\000\040\000o\000f\000\040\000m\000o\000d\000e\000l\000\040\000u\000n\000c\000e\000r\000t\000a\000i\000n\000t\000y}{section.9.3}% 113
\BOOKMARK [2][-]{subsection.9.3.3}{\376\377\000P\000r\000o\000p\000a\000g\000a\000t\000i\000o\000n\000\040\000o\000f\000\040\000a\000t\000t\000r\000i\000b\000u\000t\000e\000,\000\040\000p\000o\000s\000i\000t\000i\000o\000n\000a\000l\000\040\000a\000n\000d\000\040\000c\000o\000v\000a\000r\000i\000a\000t\000e\000\040\000u\000n\000c\000e\000r\000t\000a\000i\000n\000t\000y}{section.9.3}% 114
\BOOKMARK [0][-]{chapter.10}{\376\377\000D\000a\000t\000a\000\040\000s\000h\000a\000r\000i\000n\000g}{}% 115
\BOOKMARK [1][-]{section.10.1}{\376\377\000E\000x\000p\000o\000r\000t\000\040\000f\000o\000r\000m\000a\000t\000s}{chapter.10}% 116
\BOOKMARK [2][-]{subsection.10.1.1}{\376\377\000T\000y\000p\000e\000\040\000o\000f\000\040\000s\000o\000i\000l\000\040\000d\000a\000t\000a\000\040\000a\000n\000d\000\040\000t\000h\000e\000i\000r\000\040\000f\000o\000r\000m\000a\000t\000t\000i\000n\000g}{section.10.1}% 117
\BOOKMARK [2][-]{subsection.10.1.2}{\376\377\000G\000e\000n\000e\000r\000a\000l\000\040\000G\000I\000S\000\040\000d\000a\000t\000a\000\040\000f\000o\000r\000m\000a\000t\000s\000:\000\040\000v\000e\000c\000t\000o\000r\000,\000\040\000r\000a\000s\000t\000e\000r\000,\000\040\000t\000a\000b\000l\000e}{section.10.1}% 118
\BOOKMARK [2][-]{subsection.10.1.3}{\376\377\000R\000e\000c\000o\000m\000m\000e\000n\000d\000e\000d\000\040\000G\000I\000S\000\040\000d\000a\000t\000a\000\040\000e\000x\000c\000h\000a\000n\000g\000e\000\040\000f\000o\000r\000m\000a\000t\000s}{section.10.1}% 119
\BOOKMARK [1][-]{section.10.2}{\376\377\000W\000e\000b\000\040\000s\000e\000r\000v\000i\000c\000e\000s\000:\000\040\000s\000e\000r\000v\000i\000n\000g\000\040\000s\000o\000i\000l\000\040\000d\000a\000t\000a\000\040\000u\000s\000i\000n\000g\000\040\000w\000e\000b\000\040\000t\000e\000c\000h\000n\000o\000l\000o\000g\000y}{chapter.10}% 120
\BOOKMARK [2][-]{subsection.10.2.1}{\376\377\000T\000h\000i\000r\000d\000-\000p\000a\000r\000t\000y\000\040\000s\000e\000r\000v\000i\000c\000e\000s}{section.10.2}% 121
\BOOKMARK [2][-]{subsection.10.2.2}{\376\377\000G\000e\000o\000S\000e\000r\000v\000e\000r\000\040\000\050\000w\000e\000b\000\040\000s\000e\000r\000v\000i\000n\000g\000\040\000a\000n\000d\000\040\000w\000e\000b\000\040\000p\000r\000o\000c\000e\000s\000s\000i\000n\000g\000\051}{section.10.2}% 122
\BOOKMARK [2][-]{subsection.10.2.3}{\376\377\000V\000i\000s\000u\000a\000l\000i\000z\000i\000n\000g\000\040\000d\000a\000t\000a\000\040\000u\000s\000i\000n\000g\000\040\000L\000e\000a\000f\000l\000e\000t\000\040\000a\000n\000d\000/\000o\000r\000\040\000G\000o\000o\000g\000l\000e\000\040\000E\000a\000r\000t\000h}{section.10.2}% 123
\BOOKMARK [1][-]{section.10.3}{\376\377\000P\000r\000e\000p\000a\000r\000i\000n\000g\000\040\000s\000o\000i\000l\000\040\000d\000a\000t\000a\000\040\000f\000o\000r\000\040\000d\000i\000s\000t\000r\000i\000b\000u\000t\000i\000o\000n}{chapter.10}% 124
\BOOKMARK [2][-]{subsection.10.3.1}{\376\377\000M\000e\000t\000a\000d\000a\000t\000a}{section.10.3}% 125
\BOOKMARK [2][-]{subsection.10.3.2}{\376\377\000E\000x\000p\000o\000r\000t\000i\000n\000g\000\040\000d\000a\000t\000a\000:\000\040\000f\000i\000n\000a\000l\000\040\000t\000i\000p\000s}{section.10.3}% 126
\BOOKMARK [1][-]{section.10.4}{\376\377\000E\000x\000p\000o\000r\000t\000\040\000f\000o\000r\000m\000a\000t\000s}{chapter.10}% 127
\BOOKMARK [0][-]{chapter.11}{\376\377\000T\000e\000c\000h\000n\000i\000c\000a\000l\000\040\000o\000v\000e\000r\000v\000i\000e\000w\000\040\000a\000n\000d\000\040\000t\000h\000e\000\040\000c\000h\000e\000c\000k\000l\000i\000s\000t}{}% 128
\BOOKMARK [1][-]{section.11.1}{\376\377\000P\000o\000i\000n\000t\000\040\000d\000a\000t\000a\000s\000e\000t}{chapter.11}% 129
\BOOKMARK [1][-]{section.11.2}{\376\377\000C\000o\000v\000a\000r\000i\000a\000t\000e\000s}{chapter.11}% 130
\BOOKMARK [1][-]{section.11.3}{\376\377\000S\000t\000a\000t\000i\000s\000t\000i\000c\000a\000l\000\040\000i\000n\000f\000e\000r\000e\000n\000c\000e}{chapter.11}% 131
\BOOKMARK [1][-]{section.11.4}{\376\377\000S\000p\000a\000t\000i\000a\000l\000\040\000i\000n\000t\000e\000r\000p\000o\000l\000a\000t\000i\000o\000n}{chapter.11}% 132
\BOOKMARK [1][-]{section.11.5}{\376\377\000C\000a\000l\000c\000u\000l\000a\000t\000i\000o\000n\000\040\000o\000f\000\040\000s\000t\000o\000c\000k\000s}{chapter.11}% 133
\BOOKMARK [1][-]{section.11.6}{\376\377\000E\000v\000a\000l\000u\000a\000t\000i\000o\000n\000\040\000o\000f\000\040\000o\000u\000t\000p\000u\000t\000\040\000a\000n\000d\000\040\000q\000u\000a\000l\000i\000t\000y\000\040\000a\000s\000s\000e\000s\000s\000m\000e\000n\000t}{chapter.11}% 134
\BOOKMARK [0][-]{chapter.12}{\376\377\000D\000e\000l\000i\000v\000e\000r\000a\000b\000l\000e\000s}{}% 135
\BOOKMARK [0][-]{chapter.13}{\376\377\000C\000o\000m\000p\000e\000n\000d\000i\000u\000m\000\040\000o\000f\000\040\000t\000h\000e\000\040\000c\000o\000d\000e\000\040\000e\000x\000a\000m\000p\000l\000e\000s\000\040\000i\000n\000c\000l\000u\000d\000e\000d\000\040\000i\000n\000\040\000t\000h\000e\000\040\000c\000o\000o\000k\000b\000o\000o\000k}{}% 136
\BOOKMARK [1][-]{section.13.1}{\376\377\000D\000a\000t\000a\000\040\000p\000r\000e\000p\000a\000r\000a\000t\000i\000o\000n\000\040\000f\000o\000r\000\040\000s\000o\000i\000l\000\040\000p\000r\000o\000f\000i\000l\000e\000s}{chapter.13}% 137
\BOOKMARK [1][-]{section.13.2}{\376\377\000D\000a\000t\000a\000\040\000p\000r\000e\000p\000a\000r\000a\000t\000i\000o\000n\000\040\000f\000o\000r\000\040\000t\000o\000p\000\040\000s\000o\000i\000l\000\040\000o\000r\000\040\000a\000u\000g\000e\000r\000\040\000s\000a\000m\000p\000l\000e\000s}{chapter.13}% 138
\BOOKMARK [1][-]{section.13.3}{\376\377\000M\000e\000r\000g\000i\000n\000g\000\040\000t\000o\000p\000\040\000s\000o\000i\000l\000\040\000a\000n\000d\000\040\000s\000o\000i\000l\000\040\000p\000r\000o\000f\000i\000l\000e\000s\000\040\000D\000a\000t\000a\000b\000a\000s\000e\000s}{chapter.13}% 139
\BOOKMARK [1][-]{section.13.4}{\376\377\000D\000a\000t\000a\000-\000s\000p\000l\000i\000t\000t\000i\000n\000g}{chapter.13}% 140
\BOOKMARK [1][-]{section.13.5}{\376\377\000R\000a\000s\000t\000e\000r\000i\000z\000i\000n\000g\000\040\000a\000\040\000v\000e\000c\000t\000o\000r\000\040\000l\000a\000y\000e\000r\000\040\000i\000n\000\040\000R}{chapter.13}% 141
\BOOKMARK [1][-]{section.13.6}{\376\377\000O\000v\000e\000r\000l\000a\000y\000\040\000c\000o\000v\000a\000r\000i\000a\000t\000e\000s\000\040\000a\000n\000d\000\040\000s\000o\000i\000l\000\040\000p\000o\000i\000n\000t\000s\000\040\000D\000a\000t\000a}{chapter.13}% 142
\BOOKMARK [1][-]{section.13.7}{\376\377\000F\000i\000t\000t\000i\000n\000g\000\040\000a\000\040\000r\000e\000g\000r\000e\000s\000s\000i\000o\000n\000-\000k\000r\000i\000g\000i\000n\000g\000\040\000m\000o\000d\000e\000l\000\040\000t\000o\000\040\000p\000r\000e\000d\000i\000c\000t\000\040\000t\000h\000e\000\040\000O\000C\000S}{chapter.13}% 143
\BOOKMARK [1][-]{section.13.8}{\376\377\000C\000r\000o\000s\000s\000-\000v\000a\000l\000i\000d\000a\000t\000i\000o\000n\000\040\000o\000f\000\040\000r\000e\000g\000r\000e\000s\000s\000i\000o\000n\000-\000k\000r\000i\000g\000i\000n\000g\000\040\000m\000o\000d\000e\000l\000s}{chapter.13}% 144
\BOOKMARK [1][-]{section.13.9}{\376\377\000F\000i\000t\000t\000i\000n\000g\000\040\000a\000\040\000r\000a\000n\000d\000o\000m\000\040\000f\000o\000r\000e\000s\000t\000\040\000m\000o\000d\000e\000l\000\040\000t\000o\000\040\000p\000r\000e\000d\000i\000c\000t\000\040\000t\000h\000e\000\040\000S\000O\000C}{chapter.13}% 145
\BOOKMARK [1][-]{section.13.10}{\376\377\000U\000s\000i\000n\000g\000\040\000q\000u\000a\000n\000t\000i\000l\000e\000\040\000r\000e\000g\000r\000e\000s\000s\000i\000o\000n\000\040\000f\000o\000r\000e\000s\000t\000\040\000t\000o\000\040\000e\000s\000t\000i\000m\000a\000t\000e\000\040\000u\000n\000c\000e\000r\000t\000a\000i\000n\000t\000y}{chapter.13}% 146
\BOOKMARK [1][-]{section.13.11}{\376\377\000F\000i\000t\000t\000i\000n\000g\000\040\000a\000\040\000S\000V\000M\000\040\000m\000o\000d\000e\000l\000\040\000t\000o\000\040\000p\000r\000e\000d\000i\000c\000t\000\040\000t\000h\000e\000\040\000S\000O\000C}{chapter.13}% 147
\BOOKMARK [1][-]{section.13.12}{\376\377\000V\000a\000l\000i\000d\000a\000t\000i\000o\000n}{chapter.13}% 148
\BOOKMARK [1][-]{section.13.13}{\376\377\000G\000r\000a\000p\000h\000i\000c\000a\000l\000\040\000m\000a\000p\000\040\000q\000u\000a\000l\000i\000t\000y\000\040\000m\000e\000a\000s\000u\000r\000e\000s}{chapter.13}% 149
\BOOKMARK [1][-]{section.13.14}{\376\377\000M\000o\000d\000e\000l\000\040\000e\000v\000a\000l\000u\000a\000t\000i\000o\000n}{chapter.13}% 150
\BOOKMARK [0][-]{section.13.14}{\376\377\000B\000i\000b\000l\000i\000o\000g\000r\000a\000p\000h\000y}{}% 151
